<?xml version="1.0" encoding="UTF-8"?>
<testng-results ignored="0" total="1" passed="1" failed="0" skipped="0">
  <reporter-output>
  </reporter-output>
  <suite started-at="2020-09-19T12:47:30 MSK" name="Command line suite" finished-at="2020-09-19T12:47:38 MSK" duration-ms="7296">
    <groups>
    </groups>
    <test started-at="2020-09-19T12:47:30 MSK" name="Command line test" finished-at="2020-09-19T12:47:38 MSK" duration-ms="7296">
      <class name="samson.MethodInfo">
        <test-method signature="annotation()[pri:0, instance:samson.MethodInfo@53fdffa1]" started-at="2020-09-19T12:47:30 MSK" name="annotation" finished-at="2020-09-19T12:47:38 MSK" duration-ms="7295" status="PASS">
          <reporter-output>
          </reporter-output>
        </test-method> <!-- annotation -->
      </class> <!-- samson.MethodInfo -->
    </test> <!-- Command line test -->
  </suite> <!-- Command line suite -->
</testng-results>
